# JRE version: Java(TM) SE Runtime Environment (8.0_121-b13) (build 1.8.0_121-b13)
# Java VM: Java HotSpot(TM) 64-Bit Server VM (25.121-b13 mixed mode windows-amd64 compressed oops)
Heap:
 PSYoungGen      total 227840K, used 15461K [0x000000076c500000, 0x000000077b900000, 0x00000007c0000000)
  eden space 217600K, 7% used [0x000000076c500000,0x000000076d419540,0x0000000779980000)
  from space 10240K, 0% used [0x000000077a800000,0x000000077a800000,0x000000077b200000)
  to   space 14848K, 0% used [0x0000000779980000,0x0000000779980000,0x000000077a800000)
 ParOldGen       total 124416K, used 20381K [0x00000006c4e00000, 0x00000006cc780000, 0x000000076c500000)
  object space 124416K, 16% used [0x00000006c4e00000,0x00000006c61e75d8,0x00000006cc780000)
 Metaspace       used 37279K, capacity 39520K, committed 39680K, reserved 1085440K
  class space    used 4925K, capacity 5357K, committed 5376K, reserved 1048576K
GC Heap History (10 events):
Event: 9.793 GC heap before
{Heap before GC invocations=7 (full 1):
 PSYoungGen      total 139776K, used 136162K [0x000000076c500000, 0x000000077b200000, 0x00000007c0000000)
  eden space 129024K, 99% used [0x000000076c500000,0x00000007742b4190,0x0000000774300000)
  from space 10752K, 69% used [0x0000000774300000,0x0000000774a447e8,0x0000000774d80000)
  to   space 10240K, 0% used [0x000000077a800000,0x000000077a800000,0x000000077b200000)
 ParOldGen       total 86016K, used 6315K [0x00000006c4e00000, 0x00000006ca200000, 0x000000076c500000)
  object space 86016K, 7% used [0x00000006c4e00000,0x00000006c542ac90,0x00000006ca200000)
 Metaspace       used 29878K, capacity 31494K, committed 31744K, reserved 1077248K
  class space    used 3951K, capacity 4260K, committed 4352K, reserved 1048576K
Event: 9.800 GC heap after
Heap after GC invocations=7 (full 1):
 PSYoungGen      total 227840K, used 10225K [0x000000076c500000, 0x000000077b900000, 0x00000007c0000000)
  eden space 217600K, 0% used [0x000000076c500000,0x000000076c500000,0x0000000779980000)
  from space 10240K, 99% used [0x000000077a800000,0x000000077b1fc568,0x000000077b200000)
  to   space 14848K, 0% used [0x0000000779980000,0x0000000779980000,0x000000077a800000)
 ParOldGen       total 86016K, used 12618K [0x00000006c4e00000, 0x00000006ca200000, 0x000000076c500000)
  object space 86016K, 14% used [0x00000006c4e00000,0x00000006c5a52ad0,0x00000006ca200000)
 Metaspace       used 29878K, capacity 31494K, committed 31744K, reserved 1077248K
  class space    used 3951K, capacity 4260K, committed 4352K, reserved 1048576K
}
Event: 10.795 GC heap before
{Heap before GC invocations=8 (full 1):
 PSYoungGen      total 227840K, used 114237K [0x000000076c500000, 0x000000077b900000, 0x00000007c0000000)
  eden space 217600K, 47% used [0x000000076c500000,0x0000000772a93238,0x0000000779980000)
  from space 10240K, 99% used [0x000000077a800000,0x000000077b1fc568,0x000000077b200000)
  to   space 14848K, 0% used [0x0000000779980000,0x0000000779980000,0x000000077a800000)
 ParOldGen       total 86016K, used 12618K [0x00000006c4e00000, 0x00000006ca200000, 0x000000076c500000)
  object space 86016K, 14% used [0x00000006c4e00000,0x00000006c5a52ad0,0x00000006ca200000)
 Metaspace       used 33437K, capacity 35384K, committed 35496K, reserved 1079296K
  class space    used 4400K, capacity 4771K, committed 4864K, reserved 1048576K
Event: 10.802 GC heap after
Heap after GC invocations=8 (full 1):
 PSYoungGen      total 232448K, used 14554K [0x000000076c500000, 0x000000077b900000, 0x00000007c0000000)
  eden space 217600K, 0% used [0x000000076c500000,0x000000076c500000,0x0000000779980000)
  from space 14848K, 98% used [0x0000000779980000,0x000000077a7b6ac8,0x000000077a800000)
  to   space 10240K, 0% used [0x000000077a800000,0x000000077a800000,0x000000077b200000)
 ParOldGen       total 86016K, used 12626K [0x00000006c4e00000, 0x00000006ca200000, 0x000000076c500000)
  object space 86016K, 14% used [0x00000006c4e00000,0x00000006c5a54ad0,0x00000006ca200000)
 Metaspace       used 33437K, capacity 35384K, committed 35496K, reserved 1079296K
  class space    used 4400K, capacity 4771K, committed 4864K, reserved 1048576K
}
Event: 10.802 GC heap before
{Heap before GC invocations=9 (full 2):
 PSYoungGen      total 232448K, used 14554K [0x000000076c500000, 0x000000077b900000, 0x00000007c0000000)
  eden space 217600K, 0% used [0x000000076c500000,0x000000076c500000,0x0000000779980000)
  from space 14848K, 98% used [0x0000000779980000,0x000000077a7b6ac8,0x000000077a800000)
  to   space 10240K, 0% used [0x000000077a800000,0x000000077a800000,0x000000077b200000)
 ParOldGen       total 86016K, used 12626K [0x00000006c4e00000, 0x00000006ca200000, 0x000000076c500000)
  object space 86016K, 14% used [0x00000006c4e00000,0x00000006c5a54ad0,0x00000006ca200000)
 Metaspace       used 33437K, capacity 35384K, committed 35496K, reserved 1079296K
  class space    used 4400K, capacity 4771K, committed 4864K, reserved 1048576K
Event: 10.834 GC heap after
Heap after GC invocations=9 (full 2):
 PSYoungGen      total 232448K, used 0K [0x000000076c500000, 0x000000077b900000, 0x00000007c0000000)
  eden space 217600K, 0% used [0x000000076c500000,0x000000076c500000,0x0000000779980000)
  from space 14848K, 0% used [0x0000000779980000,0x0000000779980000,0x000000077a800000)
  to   space 10240K, 0% used [0x000000077a800000,0x000000077a800000,0x000000077b200000)
 ParOldGen       total 124416K, used 19826K [0x00000006c4e00000, 0x00000006cc780000, 0x000000076c500000)
  object space 124416K, 15% used [0x00000006c4e00000,0x00000006c615cbc0,0x00000006cc780000)
 Metaspace       used 33437K, capacity 35384K, committed 35496K, reserved 1079296K
  class space    used 4400K, capacity 4771K, committed 4864K, reserved 1048576K
}
Event: 11.002 GC heap before
{Heap before GC invocations=10 (full 2):
 PSYoungGen      total 232448K, used 45661K [0x000000076c500000, 0x000000077b900000, 0x00000007c0000000)
  eden space 217600K, 20% used [0x000000076c500000,0x000000076f1974f0,0x0000000779980000)
  from space 14848K, 0% used [0x0000000779980000,0x0000000779980000,0x000000077a800000)
  to   space 10240K, 0% used [0x000000077a800000,0x000000077a800000,0x000000077b200000)
 ParOldGen       total 124416K, used 19826K [0x00000006c4e00000, 0x00000006cc780000, 0x000000076c500000)
  object space 124416K, 15% used [0x00000006c4e00000,0x00000006c615cbc0,0x00000006cc780000)
 Metaspace       used 36580K, capacity 38784K, committed 38912K, reserved 1087488K
  class space    used 4850K, capacity 5287K, committed 5376K, reserved 1048576K
Event: 11.005 GC heap after
Heap after GC invocations=10 (full 2):
 PSYoungGen      total 227840K, used 4100K [0x000000076c500000, 0x000000077b900000, 0x00000007c0000000)
  eden space 217600K, 0% used [0x000000076c500000,0x000000076c500000,0x0000000779980000)
  from space 10240K, 40% used [0x000000077a800000,0x000000077ac01340,0x000000077b200000)
  to   space 14848K, 0% used [0x0000000779980000,0x0000000779980000,0x000000077a800000)
 ParOldGen       total 124416K, used 19834K [0x00000006c4e00000, 0x00000006cc780000, 0x000000076c500000)
  object space 124416K, 15% used [0x00000006c4e00000,0x00000006c615ebc0,0x00000006cc780000)
 Metaspace       used 36580K, capacity 38784K, committed 38912K, reserved 1087488K
  class space    used 4850K, capacity 5287K, committed 5376K, reserved 1048576K
}
Event: 11.005 GC heap before
{Heap before GC invocations=11 (full 3):
 PSYoungGen      total 227840K, used 4100K [0x000000076c500000, 0x000000077b900000, 0x00000007c0000000)
  eden space 217600K, 0% used [0x000000076c500000,0x000000076c500000,0x0000000779980000)
  from space 10240K, 40% used [0x000000077a800000,0x000000077ac01340,0x000000077b200000)
  to   space 14848K, 0% used [0x0000000779980000,0x0000000779980000,0x000000077a800000)
 ParOldGen       total 124416K, used 19834K [0x00000006c4e00000, 0x00000006cc780000, 0x000000076c500000)
  object space 124416K, 15% used [0x00000006c4e00000,0x00000006c615ebc0,0x00000006cc780000)
 Metaspace       used 36580K, capacity 38784K, committed 38912K, reserved 1087488K
  class space    used 4850K, capacity 5287K, committed 5376K, reserved 1048576K
Event: 11.121 GC heap after
Heap after GC invocations=11 (full 3):
 PSYoungGen      total 227840K, used 0K [0x000000076c500000, 0x000000077b900000, 0x00000007c0000000)
  eden space 217600K, 0% used [0x000000076c500000,0x000000076c500000,0x0000000779980000)
  from space 10240K, 0% used [0x000000077a800000,0x000000077a800000,0x000000077b200000)
  to   space 14848K, 0% used [0x0000000779980000,0x0000000779980000,0x000000077a800000)
 ParOldGen       total 124416K, used 20381K [0x00000006c4e00000, 0x00000006cc780000, 0x000000076c500000)
  object space 124416K, 16% used [0x00000006c4e00000,0x00000006c61e75d8,0x00000006cc780000)
 Metaspace       used 36580K, capacity 38784K, committed 38912K, reserved 1085440K
  class space    used 4850K, capacity 5287K, committed 5376K, reserved 1048576K
}

