# JRE version: Java(TM) SE Runtime Environment (8.0_121-b13) (build 1.8.0_121-b13)
# Java VM: Java HotSpot(TM) 64-Bit Server VM (25.121-b13 mixed mode windows-amd64 compressed oops)
Heap:
 PSYoungGen      total 337920K, used 228282K [0x000000076c500000, 0x0000000784b00000, 0x00000007c0000000)
  eden space 285184K, 69% used [0x000000076c500000,0x00000007786cb6d0,0x000000077db80000)
  from space 52736K, 56% used [0x000000077db80000,0x000000077f8a33b0,0x0000000780f00000)
  to   space 50176K, 0% used [0x0000000780f00000,0x0000000780f00000,0x0000000784000000)
 ParOldGen       total 254464K, used 75407K [0x00000006c4e00000, 0x00000006d4680000, 0x000000076c500000)
  object space 254464K, 29% used [0x00000006c4e00000,0x00000006c97a3eb8,0x00000006d4680000)
 Metaspace       used 37127K, capacity 38648K, committed 38952K, reserved 1083392K
  class space    used 4146K, capacity 4567K, committed 4656K, reserved 1048576K
GC Heap History (10 events):
Event: 13.419 GC heap before
{Heap before GC invocations=11 (full 1):
 PSYoungGen      total 276992K, used 173586K [0x000000076c500000, 0x0000000784000000, 0x00000007c0000000)
  eden space 235520K, 56% used [0x000000076c500000,0x0000000774605b68,0x000000077ab00000)
  from space 41472K, 99% used [0x000000077ab00000,0x000000077d37f010,0x000000077d380000)
  to   space 50176K, 0% used [0x0000000780f00000,0x0000000780f00000,0x0000000784000000)
 ParOldGen       total 151040K, used 57242K [0x00000006c4e00000, 0x00000006ce180000, 0x000000076c500000)
  object space 151040K, 37% used [0x00000006c4e00000,0x00000006c85e6830,0x00000006ce180000)
 Metaspace       used 33929K, capacity 35346K, committed 35496K, reserved 1081344K
  class space    used 3816K, capacity 4194K, committed 4272K, reserved 1048576K
Event: 13.441 GC heap after
Heap after GC invocations=11 (full 1):
 PSYoungGen      total 335360K, used 37315K [0x000000076c500000, 0x0000000784b00000, 0x00000007c0000000)
  eden space 285184K, 0% used [0x000000076c500000,0x000000076c500000,0x000000077db80000)
  from space 50176K, 74% used [0x0000000780f00000,0x0000000783370c40,0x0000000784000000)
  to   space 52736K, 0% used [0x000000077db80000,0x000000077db80000,0x0000000780f00000)
 ParOldGen       total 151040K, used 72099K [0x00000006c4e00000, 0x00000006ce180000, 0x000000076c500000)
  object space 151040K, 47% used [0x00000006c4e00000,0x00000006c9468da8,0x00000006ce180000)
 Metaspace       used 33929K, capacity 35346K, committed 35496K, reserved 1081344K
  class space    used 3816K, capacity 4194K, committed 4272K, reserved 1048576K
}
Event: 13.441 GC heap before
{Heap before GC invocations=12 (full 2):
 PSYoungGen      total 335360K, used 37315K [0x000000076c500000, 0x0000000784b00000, 0x00000007c0000000)
  eden space 285184K, 0% used [0x000000076c500000,0x000000076c500000,0x000000077db80000)
  from space 50176K, 74% used [0x0000000780f00000,0x0000000783370c40,0x0000000784000000)
  to   space 52736K, 0% used [0x000000077db80000,0x000000077db80000,0x0000000780f00000)
 ParOldGen       total 151040K, used 72099K [0x00000006c4e00000, 0x00000006ce180000, 0x000000076c500000)
  object space 151040K, 47% used [0x00000006c4e00000,0x00000006c9468da8,0x00000006ce180000)
 Metaspace       used 33929K, capacity 35346K, committed 35496K, reserved 1081344K
  class space    used 3816K, capacity 4194K, committed 4272K, reserved 1048576K
Event: 13.524 GC heap after
Heap after GC invocations=12 (full 2):
 PSYoungGen      total 335360K, used 0K [0x000000076c500000, 0x0000000784b00000, 0x00000007c0000000)
  eden space 285184K, 0% used [0x000000076c500000,0x000000076c500000,0x000000077db80000)
  from space 50176K, 0% used [0x0000000780f00000,0x0000000780f00000,0x0000000784000000)
  to   space 52736K, 0% used [0x000000077db80000,0x000000077db80000,0x0000000780f00000)
 ParOldGen       total 254464K, used 75383K [0x00000006c4e00000, 0x00000006d4680000, 0x000000076c500000)
  object space 254464K, 29% used [0x00000006c4e00000,0x00000006c979deb8,0x00000006d4680000)
 Metaspace       used 30346K, capacity 31482K, committed 35496K, reserved 1081344K
  class space    used 3364K, capacity 3671K, committed 4272K, reserved 1048576K
}
Event: 14.772 GC heap before
{Heap before GC invocations=13 (full 2):
 PSYoungGen      total 335360K, used 285184K [0x000000076c500000, 0x0000000784b00000, 0x00000007c0000000)
  eden space 285184K, 100% used [0x000000076c500000,0x000000077db80000,0x000000077db80000)
  from space 50176K, 0% used [0x0000000780f00000,0x0000000780f00000,0x0000000784000000)
  to   space 52736K, 0% used [0x000000077db80000,0x000000077db80000,0x0000000780f00000)
 ParOldGen       total 254464K, used 75383K [0x00000006c4e00000, 0x00000006d4680000, 0x000000076c500000)
  object space 254464K, 29% used [0x00000006c4e00000,0x00000006c979deb8,0x00000006d4680000)
 Metaspace       used 32792K, capacity 33998K, committed 35496K, reserved 1081344K
  class space    used 3653K, capacity 3977K, committed 4272K, reserved 1048576K
Event: 14.781 GC heap after
Heap after GC invocations=13 (full 2):
 PSYoungGen      total 337920K, used 18327K [0x000000076c500000, 0x0000000784b00000, 0x00000007c0000000)
  eden space 285184K, 0% used [0x000000076c500000,0x000000076c500000,0x000000077db80000)
  from space 52736K, 34% used [0x000000077db80000,0x000000077ed65f10,0x0000000780f00000)
  to   space 50176K, 0% used [0x0000000780f00000,0x0000000780f00000,0x0000000784000000)
 ParOldGen       total 254464K, used 75391K [0x00000006c4e00000, 0x00000006d4680000, 0x000000076c500000)
  object space 254464K, 29% used [0x00000006c4e00000,0x00000006c979feb8,0x00000006d4680000)
 Metaspace       used 32792K, capacity 33998K, committed 35496K, reserved 1081344K
  class space    used 3653K, capacity 3977K, committed 4272K, reserved 1048576K
}
Event: 16.193 GC heap before
{Heap before GC invocations=14 (full 2):
 PSYoungGen      total 337920K, used 303511K [0x000000076c500000, 0x0000000784b00000, 0x00000007c0000000)
  eden space 285184K, 100% used [0x000000076c500000,0x000000077db80000,0x000000077db80000)
  from space 52736K, 34% used [0x000000077db80000,0x000000077ed65f10,0x0000000780f00000)
  to   space 50176K, 0% used [0x0000000780f00000,0x0000000780f00000,0x0000000784000000)
 ParOldGen       total 254464K, used 75391K [0x00000006c4e00000, 0x00000006d4680000, 0x000000076c500000)
  object space 254464K, 29% used [0x00000006c4e00000,0x00000006c979feb8,0x00000006d4680000)
 Metaspace       used 34415K, capacity 35832K, committed 36008K, reserved 1081344K
  class space    used 3826K, capacity 4182K, committed 4272K, reserved 1048576K
Event: 16.207 GC heap after
Heap after GC invocations=14 (full 2):
 PSYoungGen      total 335360K, used 25126K [0x000000076c500000, 0x0000000784b00000, 0x00000007c0000000)
  eden space 285184K, 0% used [0x000000076c500000,0x000000076c500000,0x000000077db80000)
  from space 50176K, 50% used [0x0000000780f00000,0x0000000782789a00,0x0000000784000000)
  to   space 52736K, 0% used [0x000000077db80000,0x000000077db80000,0x0000000780f00000)
 ParOldGen       total 254464K, used 75399K [0x00000006c4e00000, 0x00000006d4680000, 0x000000076c500000)
  object space 254464K, 29% used [0x00000006c4e00000,0x00000006c97a1eb8,0x00000006d4680000)
 Metaspace       used 34415K, capacity 35832K, committed 36008K, reserved 1081344K
  class space    used 3826K, capacity 4182K, committed 4272K, reserved 1048576K
}
Event: 17.737 GC heap before
{Heap before GC invocations=15 (full 2):
 PSYoungGen      total 335360K, used 310310K [0x000000076c500000, 0x0000000784b00000, 0x00000007c0000000)
  eden space 285184K, 100% used [0x000000076c500000,0x000000077db80000,0x000000077db80000)
  from space 50176K, 50% used [0x0000000780f00000,0x0000000782789a00,0x0000000784000000)
  to   space 52736K, 0% used [0x000000077db80000,0x000000077db80000,0x0000000780f00000)
 ParOldGen       total 254464K, used 75399K [0x00000006c4e00000, 0x00000006d4680000, 0x000000076c500000)
  object space 254464K, 29% used [0x00000006c4e00000,0x00000006c97a1eb8,0x00000006d4680000)
 Metaspace       used 35693K, capacity 37152K, committed 37416K, reserved 1083392K
  class space    used 3979K, capacity 4390K, committed 4400K, reserved 1048576K
Event: 17.753 GC heap after
Heap after GC invocations=15 (full 2):
 PSYoungGen      total 337920K, used 29836K [0x000000076c500000, 0x0000000784b00000, 0x00000007c0000000)
  eden space 285184K, 0% used [0x000000076c500000,0x000000076c500000,0x000000077db80000)
  from space 52736K, 56% used [0x000000077db80000,0x000000077f8a33b0,0x0000000780f00000)
  to   space 50176K, 0% used [0x0000000780f00000,0x0000000780f00000,0x0000000784000000)
 ParOldGen       total 254464K, used 75407K [0x00000006c4e00000, 0x00000006d4680000, 0x000000076c500000)
  object space 254464K, 29% used [0x00000006c4e00000,0x00000006c97a3eb8,0x00000006d4680000)
 Metaspace       used 35693K, capacity 37152K, committed 37416K, reserved 1083392K
  class space    used 3979K, capacity 4390K, committed 4400K, reserved 1048576K
}

