# JRE version: Java(TM) SE Runtime Environment (8.0_121-b13) (build 1.8.0_121-b13)
# Java VM: Java HotSpot(TM) 64-Bit Server VM (25.121-b13 mixed mode windows-amd64 compressed oops)
Heap:
 PSYoungGen      total 205312K, used 10834K [0x000000076c500000, 0x000000077f180000, 0x00000007c0000000)
  eden space 194048K, 3% used [0x000000076c500000,0x000000076cbe3518,0x0000000778280000)
  from space 11264K, 33% used [0x0000000778f00000,0x00000007792b1600,0x0000000779a00000)
  to   space 12800K, 0% used [0x0000000778280000,0x0000000778280000,0x0000000778f00000)
 ParOldGen       total 100352K, used 12991K [0x00000006c4e00000, 0x00000006cb000000, 0x000000076c500000)
  object space 100352K, 12% used [0x00000006c4e00000,0x00000006c5aafe58,0x00000006cb000000)
 Metaspace       used 37943K, capacity 39412K, committed 39592K, reserved 1083392K
  class space    used 4925K, capacity 5230K, committed 5296K, reserved 1048576K
GC Heap History (10 events):
Event: 3.663 GC heap before
{Heap before GC invocations=6 (full 1):
 PSYoungGen      total 139776K, used 129024K [0x000000076c500000, 0x0000000775800000, 0x00000007c0000000)
  eden space 129024K, 100% used [0x000000076c500000,0x0000000774300000,0x0000000774300000)
  from space 10752K, 0% used [0x0000000774d80000,0x0000000774d80000,0x0000000775800000)
  to   space 10752K, 0% used [0x0000000774300000,0x0000000774300000,0x0000000774d80000)
 ParOldGen       total 100352K, used 5603K [0x00000006c4e00000, 0x00000006cb000000, 0x000000076c500000)
  object space 100352K, 5% used [0x00000006c4e00000,0x00000006c5378d60,0x00000006cb000000)
 Metaspace       used 28732K, capacity 29776K, committed 29872K, reserved 1075200K
  class space    used 3755K, capacity 3988K, committed 4016K, reserved 1048576K
Event: 3.677 GC heap after
Heap after GC invocations=6 (full 1):
 PSYoungGen      total 139776K, used 9571K [0x000000076c500000, 0x0000000779a00000, 0x00000007c0000000)
  eden space 129024K, 0% used [0x000000076c500000,0x000000076c500000,0x0000000774300000)
  from space 10752K, 89% used [0x0000000774300000,0x0000000774c58ce0,0x0000000774d80000)
  to   space 11264K, 0% used [0x0000000778f00000,0x0000000778f00000,0x0000000779a00000)
 ParOldGen       total 100352K, used 5675K [0x00000006c4e00000, 0x00000006cb000000, 0x000000076c500000)
  object space 100352K, 5% used [0x00000006c4e00000,0x00000006c538ad70,0x00000006cb000000)
 Metaspace       used 28732K, capacity 29776K, committed 29872K, reserved 1075200K
  class space    used 3755K, capacity 3988K, committed 4016K, reserved 1048576K
}
Event: 4.420 GC heap before
{Heap before GC invocations=7 (full 1):
 PSYoungGen      total 139776K, used 138595K [0x000000076c500000, 0x0000000779a00000, 0x00000007c0000000)
  eden space 129024K, 100% used [0x000000076c500000,0x0000000774300000,0x0000000774300000)
  from space 10752K, 89% used [0x0000000774300000,0x0000000774c58ce0,0x0000000774d80000)
  to   space 11264K, 0% used [0x0000000778f00000,0x0000000778f00000,0x0000000779a00000)
 ParOldGen       total 100352K, used 5675K [0x00000006c4e00000, 0x00000006cb000000, 0x000000076c500000)
  object space 100352K, 5% used [0x00000006c4e00000,0x00000006c538ad70,0x00000006cb000000)
 Metaspace       used 33278K, capacity 34618K, committed 34736K, reserved 1079296K
  class space    used 4395K, capacity 4675K, committed 4784K, reserved 1048576K
Event: 4.432 GC heap after
Heap after GC invocations=7 (full 1):
 PSYoungGen      total 205312K, used 11255K [0x000000076c500000, 0x000000077a100000, 0x00000007c0000000)
  eden space 194048K, 0% used [0x000000076c500000,0x000000076c500000,0x0000000778280000)
  from space 11264K, 99% used [0x0000000778f00000,0x00000007799fdf98,0x0000000779a00000)
  to   space 12800K, 0% used [0x0000000778280000,0x0000000778280000,0x0000000778f00000)
 ParOldGen       total 100352K, used 5970K [0x00000006c4e00000, 0x00000006cb000000, 0x000000076c500000)
  object space 100352K, 5% used [0x00000006c4e00000,0x00000006c53d48d8,0x00000006cb000000)
 Metaspace       used 33278K, capacity 34618K, committed 34736K, reserved 1079296K
  class space    used 4395K, capacity 4675K, committed 4784K, reserved 1048576K
}
Event: 4.598 GC heap before
{Heap before GC invocations=8 (full 1):
 PSYoungGen      total 205312K, used 37347K [0x000000076c500000, 0x000000077a100000, 0x00000007c0000000)
  eden space 194048K, 13% used [0x000000076c500000,0x000000076de7aeb0,0x0000000778280000)
  from space 11264K, 99% used [0x0000000778f00000,0x00000007799fdf98,0x0000000779a00000)
  to   space 12800K, 0% used [0x0000000778280000,0x0000000778280000,0x0000000778f00000)
 ParOldGen       total 100352K, used 5970K [0x00000006c4e00000, 0x00000006cb000000, 0x000000076c500000)
  object space 100352K, 5% used [0x00000006c4e00000,0x00000006c53d48d8,0x00000006cb000000)
 Metaspace       used 34173K, capacity 35460K, committed 35496K, reserved 1079296K
  class space    used 4500K, capacity 4750K, committed 4784K, reserved 1048576K
Event: 4.603 GC heap after
Heap after GC invocations=8 (full 1):
 PSYoungGen      total 206848K, used 8486K [0x000000076c500000, 0x000000077a100000, 0x00000007c0000000)
  eden space 194048K, 0% used [0x000000076c500000,0x000000076c500000,0x0000000778280000)
  from space 12800K, 66% used [0x0000000778280000,0x0000000778ac99b0,0x0000000778f00000)
  to   space 11264K, 0% used [0x0000000778f00000,0x0000000778f00000,0x0000000779a00000)
 ParOldGen       total 100352K, used 5978K [0x00000006c4e00000, 0x00000006cb000000, 0x000000076c500000)
  object space 100352K, 5% used [0x00000006c4e00000,0x00000006c53d68d8,0x00000006cb000000)
 Metaspace       used 34173K, capacity 35460K, committed 35496K, reserved 1079296K
  class space    used 4500K, capacity 4750K, committed 4784K, reserved 1048576K
}
Event: 4.603 GC heap before
{Heap before GC invocations=9 (full 2):
 PSYoungGen      total 206848K, used 8486K [0x000000076c500000, 0x000000077a100000, 0x00000007c0000000)
  eden space 194048K, 0% used [0x000000076c500000,0x000000076c500000,0x0000000778280000)
  from space 12800K, 66% used [0x0000000778280000,0x0000000778ac99b0,0x0000000778f00000)
  to   space 11264K, 0% used [0x0000000778f00000,0x0000000778f00000,0x0000000779a00000)
 ParOldGen       total 100352K, used 5978K [0x00000006c4e00000, 0x00000006cb000000, 0x000000076c500000)
  object space 100352K, 5% used [0x00000006c4e00000,0x00000006c53d68d8,0x00000006cb000000)
 Metaspace       used 34173K, capacity 35460K, committed 35496K, reserved 1079296K
  class space    used 4500K, capacity 4750K, committed 4784K, reserved 1048576K
Event: 4.665 GC heap after
Heap after GC invocations=9 (full 2):
 PSYoungGen      total 206848K, used 0K [0x000000076c500000, 0x000000077a100000, 0x00000007c0000000)
  eden space 194048K, 0% used [0x000000076c500000,0x000000076c500000,0x0000000778280000)
  from space 12800K, 0% used [0x0000000778280000,0x0000000778280000,0x0000000778f00000)
  to   space 11264K, 0% used [0x0000000778f00000,0x0000000778f00000,0x0000000779a00000)
 ParOldGen       total 100352K, used 12983K [0x00000006c4e00000, 0x00000006cb000000, 0x000000076c500000)
  object space 100352K, 12% used [0x00000006c4e00000,0x00000006c5aade58,0x00000006cb000000)
 Metaspace       used 34173K, capacity 35460K, committed 35496K, reserved 1079296K
  class space    used 4500K, capacity 4750K, committed 4784K, reserved 1048576K
}
Event: 5.275 GC heap before
{Heap before GC invocations=10 (full 2):
 PSYoungGen      total 206848K, used 194048K [0x000000076c500000, 0x000000077a100000, 0x00000007c0000000)
  eden space 194048K, 100% used [0x000000076c500000,0x0000000778280000,0x0000000778280000)
  from space 12800K, 0% used [0x0000000778280000,0x0000000778280000,0x0000000778f00000)
  to   space 11264K, 0% used [0x0000000778f00000,0x0000000778f00000,0x0000000779a00000)
 ParOldGen       total 100352K, used 12983K [0x00000006c4e00000, 0x00000006cb000000, 0x000000076c500000)
  object space 100352K, 12% used [0x00000006c4e00000,0x00000006c5aade58,0x00000006cb000000)
 Metaspace       used 37936K, capacity 39412K, committed 39592K, reserved 1083392K
  class space    used 4925K, capacity 5230K, committed 5296K, reserved 1048576K
Event: 5.278 GC heap after
Heap after GC invocations=10 (full 2):
 PSYoungGen      total 205312K, used 3781K [0x000000076c500000, 0x000000077f180000, 0x00000007c0000000)
  eden space 194048K, 0% used [0x000000076c500000,0x000000076c500000,0x0000000778280000)
  from space 11264K, 33% used [0x0000000778f00000,0x00000007792b1600,0x0000000779a00000)
  to   space 12800K, 0% used [0x0000000778280000,0x0000000778280000,0x0000000778f00000)
 ParOldGen       total 100352K, used 12991K [0x00000006c4e00000, 0x00000006cb000000, 0x000000076c500000)
  object space 100352K, 12% used [0x00000006c4e00000,0x00000006c5aafe58,0x00000006cb000000)
 Metaspace       used 37936K, capacity 39412K, committed 39592K, reserved 1083392K
  class space    used 4925K, capacity 5230K, committed 5296K, reserved 1048576K
}

